Traceback (most recent call last):
  File "/usr/local/lib/python3.11/dist-packages/jax/_src/interpreters/pxla.py", line 2718, in _cached_compilation
    xla_executable = compiler.compile_or_get_cached(
                     ^^^^^^^^^^^^^^^^^^^^^^^^^^^^^^^
  File "/usr/local/lib/python3.11/dist-packages/jax/_src/compiler.py", line 333, in compile_or_get_cached
    return _compile_and_write_cache(
           ^^^^^^^^^^^^^^^^^^^^^^^^^
  File "/usr/local/lib/python3.11/dist-packages/jax/_src/compiler.py", line 500, in _compile_and_write_cache
    executable = backend_compile(
                 ^^^^^^^^^^^^^^^^
  File "/usr/local/lib/python3.11/dist-packages/jax/_src/profiler.py", line 335, in wrapper
    return func(*args, **kwargs)
           ^^^^^^^^^^^^^^^^^^^^^
  File "/usr/local/lib/python3.11/dist-packages/jax/_src/compiler.py", line 238, in backend_compile
    return backend.compile(built_c, compile_options=options)
           ^^^^^^^^^^^^^^^^^^^^^^^^^^^^^^^^^^^^^^^^^^^^^^^^^
jaxlib.xla_extension.XlaRuntimeError: INTERNAL: ptxas exited with non-zero error code 2, output: : If the error message indicates that a file could not be written, please verify that sufficient filesystem space is provided.
During handling of the above exception, another exception occurred:
Traceback (most recent call last):
  File "/home/pedro/PINN/jaxpi/examples/geomII/main.py", line 39, in <module>
    app.run(main)
  File "/usr/local/lib/python3.11/dist-packages/absl/app.py", line 308, in run
    _run_main(main, args)
  File "/usr/local/lib/python3.11/dist-packages/absl/app.py", line 254, in _run_main
    sys.exit(main(argv))
             ^^^^^^^^^^
  File "/home/pedro/PINN/jaxpi/examples/geomII/main.py", line 31, in main
    train.train_and_evaluate(FLAGS.config, FLAGS.workdir)
  File "/home/pedro/PINN/jaxpi/examples/geomII/train.py", line 85, in train_and_evaluate
    model = models.NavierStokes2D(
            ^^^^^^^^^^^^^^^^^^^^^^
  File "/home/pedro/PINN/jaxpi/examples/geomII/models.py", line 26, in __init__
    super().__init__(config)
  File "/usr/local/lib/python3.11/dist-packages/jaxpi/models.py", line 189, in __init__
    super().__init__(config)
  File "/usr/local/lib/python3.11/dist-packages/jaxpi/models.py", line 107, in __init__
    self.state = _create_train_state(config)
                 ^^^^^^^^^^^^^^^^^^^^^^^^^^^
  File "/usr/local/lib/python3.11/dist-packages/jaxpi/models.py", line 85, in _create_train_state
    params = arch.init(random.PRNGKey(config.seed), x)
             ^^^^^^^^^^^^^^^^^^^^^^^^^^^^^^^^^^^^^^^^^
  File "/usr/local/lib/python3.11/dist-packages/jax/_src/traceback_util.py", line 179, in reraise_with_filtered_traceback
    return fun(*args, **kwargs)
           ^^^^^^^^^^^^^^^^^^^^
  File "/usr/local/lib/python3.11/dist-packages/flax/linen/module.py", line 2438, in init
    _, v_out = self.init_with_output(
               ^^^^^^^^^^^^^^^^^^^^^^
  File "/usr/local/lib/python3.11/dist-packages/jax/_src/traceback_util.py", line 179, in reraise_with_filtered_traceback
    return fun(*args, **kwargs)
           ^^^^^^^^^^^^^^^^^^^^
  File "/usr/local/lib/python3.11/dist-packages/flax/linen/module.py", line 2290, in init_with_output
    return init_with_output(
           ^^^^^^^^^^^^^^^^^
  File "/usr/local/lib/python3.11/dist-packages/flax/core/scope.py", line 1137, in wrapper
    return apply(fn, mutable=mutable, flags=init_flags)(
           ^^^^^^^^^^^^^^^^^^^^^^^^^^^^^^^^^^^^^^^^^^^^^
  File "/usr/local/lib/python3.11/dist-packages/flax/core/scope.py", line 1101, in wrapper
    y = fn(root, *args, **kwargs)
        ^^^^^^^^^^^^^^^^^^^^^^^^^
  File "/usr/local/lib/python3.11/dist-packages/flax/linen/module.py", line 3077, in scope_fn
    return fn(module.clone(parent=scope, _deep_clone=True), *args, **kwargs)
           ^^^^^^^^^^^^^^^^^^^^^^^^^^^^^^^^^^^^^^^^^^^^^^^^^^^^^^^^^^^^^^^^^
  File "/usr/local/lib/python3.11/dist-packages/flax/linen/module.py", line 701, in wrapped_module_method
    return self._call_wrapped_method(fun, args, kwargs)
           ^^^^^^^^^^^^^^^^^^^^^^^^^^^^^^^^^^^^^^^^^^^^
  File "/usr/local/lib/python3.11/dist-packages/flax/linen/module.py", line 1233, in _call_wrapped_method
    y = run_fun(self, *args, **kwargs)
        ^^^^^^^^^^^^^^^^^^^^^^^^^^^^^^
  File "/usr/local/lib/python3.11/dist-packages/jaxpi/archs.py", line 151, in __call__
    x = Dense(features=self.hidden_dim, reparam=self.reparam)(x)
        ^^^^^^^^^^^^^^^^^^^^^^^^^^^^^^^^^^^^^^^^^^^^^^^^^^^^^^^^
  File "/usr/local/lib/python3.11/dist-packages/flax/linen/module.py", line 701, in wrapped_module_method
    return self._call_wrapped_method(fun, args, kwargs)
           ^^^^^^^^^^^^^^^^^^^^^^^^^^^^^^^^^^^^^^^^^^^^
  File "/usr/local/lib/python3.11/dist-packages/flax/linen/module.py", line 1233, in _call_wrapped_method
    y = run_fun(self, *args, **kwargs)
        ^^^^^^^^^^^^^^^^^^^^^^^^^^^^^^
  File "/usr/local/lib/python3.11/dist-packages/jaxpi/archs.py", line 108, in __call__
    g, v = self.param(
           ^^^^^^^^^^^
  File "/usr/local/lib/python3.11/dist-packages/flax/linen/module.py", line 1863, in param
    v = self.scope.param(name, init_fn, *init_args, unbox=unbox, **init_kwargs)
        ^^^^^^^^^^^^^^^^^^^^^^^^^^^^^^^^^^^^^^^^^^^^^^^^^^^^^^^^^^^^^^^^^^^^^^^
  File "/usr/local/lib/python3.11/dist-packages/flax/core/scope.py", line 990, in param
    value = init_fn(self.make_rng('params'), *init_args, **init_kwargs)
            ^^^^^^^^^^^^^^^^^^^^^^^^^^^^^^^^^^^^^^^^^^^^^^^^^^^^^^^^^^^
  File "/usr/local/lib/python3.11/dist-packages/jaxpi/archs.py", line 32, in init
    w = init_fn(key1, shape)
        ^^^^^^^^^^^^^^^^^^^^
  File "/usr/local/lib/python3.11/dist-packages/jax/_src/nn/initializers.py", line 335, in init
    return random.truncated_normal(key, -2, 2, named_shape, dtype) * stddev
           ^^^^^^^^^^^^^^^^^^^^^^^^^^^^^^^^^^^^^^^^^^^^^^^^^^^^^^^
  File "/usr/local/lib/python3.11/dist-packages/jax/_src/random.py", line 858, in truncated_normal
    return _truncated_normal(key, lower, upper, shape, dtype)  # type: ignore
           ^^^^^^^^^^^^^^^^^^^^^^^^^^^^^^^^^^^^^^^^^^^^^^^^^^
  File "/usr/local/lib/python3.11/dist-packages/jax/_src/traceback_util.py", line 179, in reraise_with_filtered_traceback
    return fun(*args, **kwargs)
           ^^^^^^^^^^^^^^^^^^^^
  File "/usr/local/lib/python3.11/dist-packages/jax/_src/pjit.py", line 298, in cache_miss
    outs, out_flat, out_tree, args_flat, jaxpr, attrs_tracked = _python_pjit_helper(
                                                                ^^^^^^^^^^^^^^^^^^^^
  File "/usr/local/lib/python3.11/dist-packages/jax/_src/pjit.py", line 176, in _python_pjit_helper
    out_flat = pjit_p.bind(*args_flat, **params)
               ^^^^^^^^^^^^^^^^^^^^^^^^^^^^^^^^^
  File "/usr/local/lib/python3.11/dist-packages/jax/_src/core.py", line 2788, in bind
    return self.bind_with_trace(top_trace, args, params)
           ^^^^^^^^^^^^^^^^^^^^^^^^^^^^^^^^^^^^^^^^^^^^^
  File "/usr/local/lib/python3.11/dist-packages/jax/_src/core.py", line 425, in bind_with_trace
    out = trace.process_primitive(self, map(trace.full_raise, args), params)
          ^^^^^^^^^^^^^^^^^^^^^^^^^^^^^^^^^^^^^^^^^^^^^^^^^^^^^^^^^^^^^^^^^^
  File "/usr/local/lib/python3.11/dist-packages/jax/_src/core.py", line 913, in process_primitive
    return primitive.impl(*tracers, **params)
           ^^^^^^^^^^^^^^^^^^^^^^^^^^^^^^^^^^
  File "/usr/local/lib/python3.11/dist-packages/jax/_src/pjit.py", line 1488, in _pjit_call_impl
    return xc._xla.pjit(
           ^^^^^^^^^^^^^
  File "/usr/local/lib/python3.11/dist-packages/jax/_src/pjit.py", line 1471, in call_impl_cache_miss
    out_flat, compiled = _pjit_call_impl_python(
                         ^^^^^^^^^^^^^^^^^^^^^^^
  File "/usr/local/lib/python3.11/dist-packages/jax/_src/pjit.py", line 1406, in _pjit_call_impl_python
    lowering_parameters=mlir.LoweringParameters()).compile()
                                                   ^^^^^^^^^
  File "/usr/local/lib/python3.11/dist-packages/jax/_src/interpreters/pxla.py", line 2369, in compile
    executable = UnloadedMeshExecutable.from_hlo(
                 ^^^^^^^^^^^^^^^^^^^^^^^^^^^^^^^^
  File "/usr/local/lib/python3.11/dist-packages/jax/_src/interpreters/pxla.py", line 2908, in from_hlo
    xla_executable, compile_options = _cached_compilation(
                                      ^^^^^^^^^^^^^^^^^^^^
  File "/usr/local/lib/python3.11/dist-packages/jax/_src/interpreters/pxla.py", line 2715, in _cached_compilation
    with dispatch.log_elapsed_time(
  File "/usr/lib/python3.11/contextlib.py", line 141, in __exit__
    def __exit__(self, typ, value, traceback):
KeyboardInterrupt